<?xml version="1.0" encoding="UTF-8"?>
<!-- Generated by org.testng.reporters.JUnitReportReporter -->
<testsuite skipped="0" hostname="AQMIT-LPT-10732" name="testNgRun.TestNgRunner" tests="2" failures="0" timestamp="22 Dec 2021 11:53:43 GMT" time="9.683" errors="0">
  <testcase name="TakeScreenshot" time="0.405" classname="testNgRun.TestNgRunner"/>
  <testcase name="HomePageSerchAA" time="9.278" classname="testNgRun.TestNgRunner"/>
</testsuite> <!-- testNgRun.TestNgRunner -->
