<?xml version="1.0" encoding="UTF-8"?>
<!-- Generated by org.testng.reporters.JUnitReportReporter -->
<testsuite skipped="0" hostname="AQMIT-LPT-10732" name="testNgRun.PostAPI" tests="4" failures="0" timestamp="26 Jan 2022 16:07:14 GMT" time="5.017" errors="0">
  <testcase name="Divide" time="2.405" classname="testNgRun.PostAPI"/>
  <testcase name="AddService" time="1.001" classname="testNgRun.PostAPI"/>
  <testcase name="MultiplyService" time="0.898" classname="testNgRun.PostAPI"/>
  <testcase name="substractService" time="0.713" classname="testNgRun.PostAPI"/>
</testsuite> <!-- testNgRun.PostAPI -->
