<?xml version="1.0" encoding="UTF-8"?>
<!-- Generated by org.testng.reporters.JUnitReportReporter -->
<testsuite skipped="0" hostname="AQMIT-LPT-10732" name="testNgRun.HarmcrestMatchr" tests="1" failures="0" timestamp="05 Feb 2022 11:17:25 GMT" time="3.019" errors="0">
  <testcase name="testAssertThatList" time="3.019" classname="testNgRun.HarmcrestMatchr"/>
</testsuite> <!-- testNgRun.HarmcrestMatchr -->
